d:\desktop\api 포트폴리오\03_winapi 포트폴리오2\180509_프레임워크\debug\vc141.pdb
d:\desktop\api 포트폴리오\03_winapi 포트폴리오2\180509_프레임워크\debug\vc141.idb
d:\desktop\api 포트폴리오\03_winapi 포트폴리오2\180509_프레임워크\debug\mybutton.obj
d:\desktop\api 포트폴리오\03_winapi 포트폴리오2\180509_프레임워크\debug\mousemanager.obj
d:\desktop\api 포트폴리오\03_winapi 포트폴리오2\180509_프레임워크\debug\monsterobject.obj
d:\desktop\api 포트폴리오\03_winapi 포트폴리오2\180509_프레임워크\debug\monster2.obj
d:\desktop\api 포트폴리오\03_winapi 포트폴리오2\180509_프레임워크\debug\monster.obj
d:\desktop\api 포트폴리오\03_winapi 포트폴리오2\180509_프레임워크\debug\makescene.obj
d:\desktop\api 포트폴리오\03_winapi 포트폴리오2\180509_프레임워크\debug\mainmenuscene.obj
d:\desktop\api 포트폴리오\03_winapi 포트폴리오2\180509_프레임워크\debug\main.obj
d:\desktop\api 포트폴리오\03_winapi 포트폴리오2\180509_프레임워크\debug\item_wallbreak.obj
d:\desktop\api 포트폴리오\03_winapi 포트폴리오2\180509_프레임워크\debug\item_star.obj
d:\desktop\api 포트폴리오\03_winapi 포트폴리오2\180509_프레임워크\debug\item_growup2.obj
d:\desktop\api 포트폴리오\03_winapi 포트폴리오2\180509_프레임워크\debug\item_growup.obj
d:\desktop\api 포트폴리오\03_winapi 포트폴리오2\180509_프레임워크\debug\item_coin.obj
d:\desktop\api 포트폴리오\03_winapi 포트폴리오2\180509_프레임워크\debug\gameoverscene.obj
d:\desktop\api 포트폴리오\03_winapi 포트폴리오2\180509_프레임워크\debug\gamemanager.obj
d:\desktop\api 포트폴리오\03_winapi 포트폴리오2\180509_프레임워크\debug\firstscene.obj
d:\desktop\api 포트폴리오\03_winapi 포트폴리오2\180509_프레임워크\debug\collisionmanager.obj
d:\desktop\api 포트폴리오\03_winapi 포트폴리오2\180509_프레임워크\debug\charactermanager.obj
d:\desktop\api 포트폴리오\03_winapi 포트폴리오2\180509_프레임워크\debug\button.obj
d:\desktop\api 포트폴리오\03_winapi 포트폴리오2\180509_프레임워크\debug\bullet.obj
d:\desktop\api 포트폴리오\03_winapi 포트폴리오2\180509_프레임워크\debug\windowproc.obj
d:\desktop\api 포트폴리오\03_winapi 포트폴리오2\180509_프레임워크\debug\windowmanager.obj
d:\desktop\api 포트폴리오\03_winapi 포트폴리오2\180509_프레임워크\debug\scrollmanager.obj
d:\desktop\api 포트폴리오\03_winapi 포트폴리오2\180509_프레임워크\debug\scenemanager.obj
d:\desktop\api 포트폴리오\03_winapi 포트폴리오2\180509_프레임워크\debug\scene.obj
d:\desktop\api 포트폴리오\03_winapi 포트폴리오2\180509_프레임워크\debug\playscene.obj
d:\desktop\api 포트폴리오\03_winapi 포트폴리오2\180509_프레임워크\debug\player.obj
d:\desktop\api 포트폴리오\03_winapi 포트폴리오2\180509_프레임워크\debug\playbonusscene.obj
d:\desktop\api 포트폴리오\03_winapi 포트폴리오2\180509_프레임워크\debug\object.obj
d:\desktop\api 포트폴리오\03_winapi 포트폴리오2\debug\180509_프레임워크.exe
d:\desktop\api 포트폴리오\03_winapi 포트폴리오2\debug\180509_프레임워크.ilk
d:\desktop\api 포트폴리오\03_winapi 포트폴리오2\debug\180509_프레임워크.pdb
d:\desktop\api 포트폴리오\03_winapi 포트폴리오2\180509_프레임워크\debug\movingobjmanager.obj
d:\desktop\api 포트폴리오\03_winapi 포트폴리오2\180509_프레임워크\debug\player_2.obj
d:\desktop\api 포트폴리오\03_winapi 포트폴리오2\180509_프레임워크\debug\secondscene.obj
d:\desktop\api 포트폴리오\03_winapi 포트폴리오2\180509_프레임워크\debug\testobject.obj
d:\desktop\api 포트폴리오\03_winapi 포트폴리오2\180509_프레임워크\debug\vc140.idb
d:\desktop\api 포트폴리오\03_winapi 포트폴리오2\180509_프레임워크\debug\vc140.pdb
d:\desktop\api 포트폴리오\03_winapi 포트폴리오2\180509_프레임워크\debug\180509_프레임워크.tlog\cl.command.1.tlog
d:\desktop\api 포트폴리오\03_winapi 포트폴리오2\180509_프레임워크\debug\180509_프레임워크.tlog\cl.read.1.tlog
d:\desktop\api 포트폴리오\03_winapi 포트폴리오2\180509_프레임워크\debug\180509_프레임워크.tlog\cl.write.1.tlog
d:\desktop\api 포트폴리오\03_winapi 포트폴리오2\180509_프레임워크\debug\180509_프레임워크.tlog\link.command.1.tlog
d:\desktop\api 포트폴리오\03_winapi 포트폴리오2\180509_프레임워크\debug\180509_프레임워크.tlog\link.delete.1.tlog
d:\desktop\api 포트폴리오\03_winapi 포트폴리오2\180509_프레임워크\debug\180509_프레임워크.tlog\link.read.1.tlog
d:\desktop\api 포트폴리오\03_winapi 포트폴리오2\180509_프레임워크\debug\180509_프레임워크.tlog\link.write.1.tlog
